<?xml version="1.0" encoding="UTF-8"?>
<beans xmlns="http://www.springframework.org/schema/beans"
	xmlns:xsi="http://www.w3.org/2001/XMLSchema-instance" xmlns:context="http://www.springframework.org/schema/context"
	xsi:schemaLocation="http://www.springframework.org/schema/beans http://www.springframework.org/schema/beans/spring-beans-3.0.xsd
		http://www.springframework.org/schema/context http://www.springframework.org/schema/context/spring-context-3.0.xsd">

	<bean id="dataSource" class="org.springframework.jdbc.datasource.SimpleDriverDataSource">
		<property name="driverClass" value="com.mysql.jdbc.Driver" />
		<property name="url" value="jdbc:mysql://localhost:3307/spring" />
		<property name="username" value="root" />
		<property name="password" value="1234" />
	</bean>

	<bean id="userDao" class="springbook.user.dao.UserDaoJdbc">
		<property name="dataSource" ref="dataSource" />
	</bean>
	
	<bean id="UserLevelUpgradePolicy" class="springbook.user.service.UserLevelUpgradeGeneralPolicy">
		<property name="userDao" ref="userDao" />
	</bean>
	
	<bean id="userService" class="springbook.user.service.UserService">
		<property name="userDao" ref="userDao" />
		<property name="UserLevelUpgradePolicy" ref="UserLevelUpgradePolicy" />
	</bean>
	
	

</beans>